2024-05-29 19:32:37,833 - __main__ - INFO - Transformation start - IT Data
2024-05-29 19:32:37,888 - __main__ - INFO - Transformation end - IT Data
2024-05-29 19:32:37,888 - __main__ - INFO - Transformation start - Marketing Address Information
2024-05-29 19:32:37,957 - __main__ - INFO - Transformation end - Marketing Address Information
2024-05-29 19:32:37,957 - __main__ - INFO - Transformation start - Department Breakdown
2024-05-29 19:32:38,100 - __main__ - INFO - Transformation end - Department Breakdown
2024-05-29 19:32:38,100 - __main__ - INFO - Bonus Transformation start - best performers
2024-05-29 19:32:38,219 - __main__ - INFO - Bonus Transformation end - best performers
2024-05-29 19:32:38,219 - __main__ - INFO - Load start
2024-05-29 19:32:38,983 - __main__ - INFO - DataFrame written to CSV
2024-05-29 19:32:38,985 - __main__ - INFO - Load end
2024-05-29 19:32:39,400 - __main__ - INFO - DataFrame written to CSV
2024-05-29 19:32:39,400 - __main__ - INFO - Load end
2024-05-29 19:32:41,204 - __main__ - INFO - DataFrame written to CSV
2024-05-29 19:32:41,204 - __main__ - INFO - Load end
2024-05-29 19:32:42,320 - __main__ - INFO - DataFrame written to CSV
2024-05-29 19:32:42,321 - __main__ - INFO - Load end
2024-05-29 19:32:42,321 - __main__ - INFO - Demo end
2024-05-30 19:06:48,115 - __main__ - INFO - Demo start
2024-05-30 19:06:48,116 - __main__ - INFO - Argument parser start
2024-05-30 19:07:22,751 - __main__ - INFO - Demo start
2024-05-30 19:07:22,751 - __main__ - INFO - Argument parser start
2024-05-30 19:07:22,752 - __main__ - INFO - Parsed filepaths checked
2024-05-30 19:07:22,752 - __main__ - INFO - Argument parser end
2024-05-30 19:27:22,437 - __main__ - INFO - Demo start
2024-05-30 19:27:22,437 - __main__ - INFO - Argument parser start
2024-05-30 19:27:22,439 - __main__ - INFO - Parsed filepaths checked
2024-05-30 19:27:22,439 - __main__ - INFO - Argument parser end
